2021-02-08 15:29:51,626 [Worker-4: Loading available Gradle versions] INFO  o.e.b.c.i.u.g.PublishedGradleVersions - Gradle version information cache is up-to-date. Trying to read.
2021-02-08 15:31:08,181 [Worker-10: Building] INFO  o.e.m.c.i.l.LifecycleMappingFactory - Using org.eclipse.m2e.jdt.JarLifecycleMapping lifecycle mapping for MavenProject: eu.brain.iot:multi-framework:0.0.1-SNAPSHOT @ /home/xu/eclipse-workspace/redeployment/multi-framework/pom.xml.
2021-02-08 15:31:08,611 [Worker-10: Building] WARN  o.e.m.c.i.embedder.EclipseLogger - The POM for eu.brain.iot:RedeploymentImpl:jar:0.0.1-SNAPSHOT is missing, no dependency information available
2021-02-08 15:31:08,619 [Worker-10: Building] WARN  o.e.m.c.i.embedder.EclipseLogger - The POM for eu.brain.iot:OSGI.Framework.Query.api:jar:0.0.1-SNAPSHOT is missing, no dependency information available
2021-02-08 15:31:08,623 [Worker-10: Building] WARN  o.e.m.c.i.embedder.EclipseLogger - The POM for eu.brain.iot:app:jar:0.0.1-SNAPSHOT is missing, no dependency information available
2021-02-08 15:31:09,166 [Worker-10: Building] WARN  a.b.m.l.resolve.DependencyResolver - Failed to resolve dependency eu.brain.iot:RedeploymentImpl:jar:0.0.1-SNAPSHOT
2021-02-08 15:31:09,169 [Worker-10: Building] WARN  a.b.m.l.resolve.DependencyResolver - Failed to resolve dependency eu.brain.iot:OSGI.Framework.Query.api:jar:0.0.1-SNAPSHOT
2021-02-08 15:31:09,173 [Worker-10: Building] WARN  a.b.m.l.resolve.DependencyResolver - Failed to resolve dependency eu.brain.iot:app:jar:0.0.1-SNAPSHOT
2021-02-08 15:31:09,865 [Worker-10: Building] INFO  o.e.m.c.i.embedder.EclipseLogger - Using 'UTF-8' encoding to copy filtered resources.
2021-02-08 15:31:09,865 [Worker-10: Building] INFO  o.e.m.c.i.embedder.EclipseLogger - skip non existing resourceDirectory /home/xu/eclipse-workspace/redeployment/multi-framework/src/main/resources
2021-02-08 15:31:09,896 [Worker-10: Building] INFO  o.e.m.c.i.embedder.EclipseLogger - Using 'UTF-8' encoding to copy filtered resources.
2021-02-08 15:31:09,896 [Worker-10: Building] INFO  o.e.m.c.i.embedder.EclipseLogger - skip non existing resourceDirectory /home/xu/eclipse-workspace/redeployment/multi-framework/src/test/resources
2021-02-08 15:31:10,334 [Worker-2: Download sources and javadoc] WARN  o.e.m.c.i.embedder.EclipseLogger - The POM for eu.brain.iot:RedeploymentImpl:jar:0.0.1-SNAPSHOT is missing, no dependency information available
2021-02-08 15:31:10,337 [Worker-2: Download sources and javadoc] WARN  o.e.m.c.i.embedder.EclipseLogger - The POM for eu.brain.iot:OSGI.Framework.Query.api:jar:0.0.1-SNAPSHOT is missing, no dependency information available
2021-02-08 15:31:10,340 [Worker-2: Download sources and javadoc] WARN  o.e.m.c.i.embedder.EclipseLogger - The POM for eu.brain.iot:app:jar:0.0.1-SNAPSHOT is missing, no dependency information available
2021-02-08 15:31:10,487 [Worker-11: Updating Maven Dependencies] INFO  o.e.m.c.i.l.LifecycleMappingFactory - Using org.eclipse.m2e.jdt.JarLifecycleMapping lifecycle mapping for MavenProject: eu.brain.iot:multi-framework:0.0.1-SNAPSHOT @ /home/xu/eclipse-workspace/redeployment/multi-framework/pom.xml.
2021-02-08 15:31:10,759 [Worker-11: Updating Maven Dependencies] WARN  o.e.m.c.i.embedder.EclipseLogger - The POM for eu.brain.iot:RedeploymentImpl:jar:0.0.1-SNAPSHOT is missing, no dependency information available
2021-02-08 15:31:10,762 [Worker-11: Updating Maven Dependencies] WARN  o.e.m.c.i.embedder.EclipseLogger - The POM for eu.brain.iot:OSGI.Framework.Query.api:jar:0.0.1-SNAPSHOT is missing, no dependency information available
2021-02-08 15:31:10,765 [Worker-11: Updating Maven Dependencies] WARN  o.e.m.c.i.embedder.EclipseLogger - The POM for eu.brain.iot:app:jar:0.0.1-SNAPSHOT is missing, no dependency information available
2021-02-08 15:31:11,235 [Worker-11: Updating Maven Dependencies] WARN  a.b.m.l.resolve.DependencyResolver - Failed to resolve dependency eu.brain.iot:RedeploymentImpl:jar:0.0.1-SNAPSHOT
2021-02-08 15:31:11,238 [Worker-11: Updating Maven Dependencies] WARN  a.b.m.l.resolve.DependencyResolver - Failed to resolve dependency eu.brain.iot:OSGI.Framework.Query.api:jar:0.0.1-SNAPSHOT
2021-02-08 15:31:11,242 [Worker-11: Updating Maven Dependencies] WARN  a.b.m.l.resolve.DependencyResolver - Failed to resolve dependency eu.brain.iot:app:jar:0.0.1-SNAPSHOT
2021-02-08 15:31:11,725 [Worker-5: Building] WARN  o.e.m.c.i.embedder.EclipseLogger - The POM for eu.brain.iot:RedeploymentImpl:jar:0.0.1-SNAPSHOT is missing, no dependency information available
2021-02-08 15:31:11,727 [Worker-5: Building] WARN  o.e.m.c.i.embedder.EclipseLogger - The POM for eu.brain.iot:OSGI.Framework.Query.api:jar:0.0.1-SNAPSHOT is missing, no dependency information available
2021-02-08 15:31:11,730 [Worker-5: Building] WARN  o.e.m.c.i.embedder.EclipseLogger - The POM for eu.brain.iot:app:jar:0.0.1-SNAPSHOT is missing, no dependency information available
2021-02-08 15:31:11,872 [Worker-5: Building] INFO  o.e.m.c.i.embedder.EclipseLogger - Using 'UTF-8' encoding to copy filtered resources.
2021-02-08 15:31:11,872 [Worker-5: Building] INFO  o.e.m.c.i.embedder.EclipseLogger - skip non existing resourceDirectory /home/xu/eclipse-workspace/redeployment/multi-framework/src/main/resources
2021-02-08 15:31:11,876 [Worker-5: Building] INFO  o.e.m.c.i.embedder.EclipseLogger - Using 'UTF-8' encoding to copy filtered resources.
2021-02-08 15:31:11,876 [Worker-5: Building] INFO  o.e.m.c.i.embedder.EclipseLogger - skip non existing resourceDirectory /home/xu/eclipse-workspace/redeployment/multi-framework/src/test/resources
2021-02-08 15:31:12,130 [Worker-2: Download sources and javadoc] INFO  o.e.m.c.i.e.AbstractTransferListenerAdapter - Downloaded https://oss.sonatype.org/content/groups/osgi/eu/brain/iot/app/0.0.1-SNAPSHOT/app-0.0.1-SNAPSHOT-javadoc.jar
2021-02-08 15:31:12,365 [Worker-2: Download sources and javadoc] INFO  o.e.m.c.i.e.AbstractTransferListenerAdapter - Downloaded https://repository.apache.org/content/groups/snapshots/eu/brain/iot/app/0.0.1-SNAPSHOT/app-0.0.1-SNAPSHOT-javadoc.jar
2021-02-08 15:31:12,618 [Worker-2: Download sources and javadoc] INFO  o.e.m.c.i.e.AbstractTransferListenerAdapter - Downloaded https://nexus.repository-pert.ismb.it/repository/maven-snapshots/eu/brain/iot/app/0.0.1-SNAPSHOT/app-0.0.1-SNAPSHOT-javadoc.jar
2021-02-08 15:31:12,623 [Worker-2: Download sources and javadoc] ERROR o.e.m.j.internal.DownloadSourcesJob - Could not download javadoc for eu.brain.iot:app:0.0.1-SNAPSHOT
org.eclipse.core.runtime.CoreException: Could not resolve artifact eu.brain.iot:app:jar:javadoc:0.0.1-SNAPSHOT
	at org.eclipse.m2e.core.internal.embedder.MavenImpl.lambda$4(MavenImpl.java:805) ~[org.eclipse.m2e.core_1.14.0.20191209-1925.jar:na]
	at org.eclipse.m2e.core.internal.embedder.MavenExecutionContext.executeBare(MavenExecutionContext.java:179) ~[org.eclipse.m2e.core_1.14.0.20191209-1925.jar:na]
	at org.eclipse.m2e.core.internal.embedder.MavenExecutionContext.execute(MavenExecutionContext.java:114) ~[org.eclipse.m2e.core_1.14.0.20191209-1925.jar:na]
	at org.eclipse.m2e.core.internal.embedder.MavenExecutionContext.execute(MavenExecutionContext.java:101) ~[org.eclipse.m2e.core_1.14.0.20191209-1925.jar:na]
	at org.eclipse.m2e.core.internal.embedder.MavenImpl.resolve(MavenImpl.java:773) ~[org.eclipse.m2e.core_1.14.0.20191209-1925.jar:na]
	at org.eclipse.m2e.core.internal.embedder.MavenImpl.resolve(MavenImpl.java:750) ~[org.eclipse.m2e.core_1.14.0.20191209-1925.jar:na]
	at org.eclipse.m2e.jdt.internal.DownloadSourcesJob.download(DownloadSourcesJob.java:330) [org.eclipse.m2e.jdt_1.14.0.20191209-1925.jar:na]
	at org.eclipse.m2e.jdt.internal.DownloadSourcesJob.downloadAttachments(DownloadSourcesJob.java:316) [org.eclipse.m2e.jdt_1.14.0.20191209-1925.jar:na]
	at org.eclipse.m2e.jdt.internal.DownloadSourcesJob.downloadMaven(DownloadSourcesJob.java:269) [org.eclipse.m2e.jdt_1.14.0.20191209-1925.jar:na]
	at org.eclipse.m2e.jdt.internal.DownloadSourcesJob.downloadFilesAndPopulateToUpdate(DownloadSourcesJob.java:233) [org.eclipse.m2e.jdt_1.14.0.20191209-1925.jar:na]
	at org.eclipse.m2e.jdt.internal.DownloadSourcesJob.lambda$0(DownloadSourcesJob.java:161) [org.eclipse.m2e.jdt_1.14.0.20191209-1925.jar:na]
	at org.eclipse.m2e.core.internal.embedder.MavenExecutionContext.executeBare(MavenExecutionContext.java:179) ~[org.eclipse.m2e.core_1.14.0.20191209-1925.jar:na]
	at org.eclipse.m2e.core.internal.embedder.MavenExecutionContext.execute(MavenExecutionContext.java:153) ~[org.eclipse.m2e.core_1.14.0.20191209-1925.jar:na]
	at org.eclipse.m2e.core.internal.embedder.MavenExecutionContext.execute(MavenExecutionContext.java:101) ~[org.eclipse.m2e.core_1.14.0.20191209-1925.jar:na]
	at org.eclipse.m2e.core.internal.embedder.MavenImpl.execute(MavenImpl.java:1375) ~[org.eclipse.m2e.core_1.14.0.20191209-1925.jar:na]
	at org.eclipse.m2e.jdt.internal.DownloadSourcesJob.run(DownloadSourcesJob.java:161) [org.eclipse.m2e.jdt_1.14.0.20191209-1925.jar:na]
	at org.eclipse.core.internal.jobs.Worker.run(Worker.java:63) ~[org.eclipse.core.jobs_3.10.600.v20191122-2104.jar:na]
2021-02-08 15:32:48,485 [Worker-3: Loading available Gradle versions] INFO  o.e.b.c.i.u.g.PublishedGradleVersions - Gradle version information cache is up-to-date. Trying to read.
